2023-12-27 16:12:610 INFO  RegisterPage :54 - Enter Name : cucumber-project[[ChromeDriver: chrome on windows (bfbe2ce556d004d4890ad7d7d4b032c8)] -> name: name]
2023-12-27 16:12:693 INFO  RegisterPage :54 - Enter Name : primekakuwdxY3Ox3Q@gmail.com[[ChromeDriver: chrome on windows (bfbe2ce556d004d4890ad7d7d4b032c8)] -> name: name]
2023-12-27 16:12:679 INFO  RegisterPage :54 - Enter Name : cucumber-project[[ChromeDriver: chrome on windows (eac353eb5bd0178d9a1633ba6b378ba1)] -> name: name]
2023-12-27 16:12:758 INFO  RegisterPage :54 - Enter Name : primekakuiQn09pjUp@gmail.com[[ChromeDriver: chrome on windows (eac353eb5bd0178d9a1633ba6b378ba1)] -> name: name]
2023-12-27 16:12:626 INFO  RegisterPage :54 - Enter Name : cucumber-project[[ChromeDriver: chrome on windows (1bb54853c5a38f5af7bcf48f53b56496)] -> name: name]
2023-12-27 16:12:786 INFO  RegisterPage :54 - Enter Name : primekakublaGKVNNF@gmail.com[[ChromeDriver: chrome on windows (1bb54853c5a38f5af7bcf48f53b56496)] -> name: name]
2023-12-27 16:12:953 INFO  RegisterPage :54 - Enter Name : cucumber-project[[ChromeDriver: chrome on windows (ee2d52d6a470d9fc0198ca7f595d6708)] -> name: name]
2023-12-27 16:12:46 INFO  RegisterPage :54 - Enter Name : primekakuxByQS5Rlk@gmail.com[[ChromeDriver: chrome on windows (ee2d52d6a470d9fc0198ca7f595d6708)] -> name: name]
2023-12-27 17:12:242 INFO  RegisterPage :54 - Enter Name : cucumber-project[[ChromeDriver: chrome on windows (d56e89a0856ed23f491a0dfeab93332d)] -> name: name]
2023-12-27 17:12:332 INFO  RegisterPage :54 - Enter Name : primekakuDqSh9tC9H@gmail.com[[ChromeDriver: chrome on windows (d56e89a0856ed23f491a0dfeab93332d)] -> name: name]
2023-12-27 17:12:553 INFO  RegisterPage :54 - Enter Name : cucumber-project[[ChromeDriver: chrome on windows (7dae61615df07623ceac5f10d8068ba7)] -> name: name]
2023-12-27 17:12:687 INFO  RegisterPage :54 - Enter Name : primekakujTjynnTL3@gmail.com[[ChromeDriver: chrome on windows (7dae61615df07623ceac5f10d8068ba7)] -> name: name]
2023-12-27 17:12:88 INFO  RegisterPage :48 - Enter Name : cucumber-project[[ChromeDriver: chrome on windows (0c6f09fc6f20cf789377531e2d4fbca3)] -> name: name]
2023-12-27 17:12:239 INFO  RegisterPage :48 - Enter Name : primekakuKuSXjhQVV@gmail.com[[ChromeDriver: chrome on windows (0c6f09fc6f20cf789377531e2d4fbca3)] -> name: name]
2023-12-27 17:12:33 INFO  RegisterPage :48 - Enter Name [[ChromeDriver: chrome on windows (d6537b7311251e951409b129e034aa69)] -> name: name]
2023-12-27 17:12:166 INFO  RegisterPage :48 - Enter Name [[ChromeDriver: chrome on windows (d6537b7311251e951409b129e034aa69)] -> name: name]
2023-12-27 17:12:593 INFO  RegisterPage :48 - Enter Name [[ChromeDriver: chrome on windows (306d036e8b121637f5c8a8793472dda6)] -> name: name]
2023-12-27 17:12:720 INFO  RegisterPage :53 - Enter email[[ChromeDriver: chrome on windows (306d036e8b121637f5c8a8793472dda6)] -> xpath: //input[@data-qa='signup-email']]
2023-12-28 11:12:413 INFO  RegisterPage :78 - Enter Name [[ChromeDriver: chrome on windows (c14e8595df7f91485aa360ec4a2dff90)] -> name: name]
2023-12-28 11:12:515 INFO  RegisterPage :83 - Enter email[[ChromeDriver: chrome on windows (c14e8595df7f91485aa360ec4a2dff90)] -> xpath: //input[@data-qa='signup-email']]
2023-12-28 11:12:794 INFO  RegisterPage :78 - Enter Name [[ChromeDriver: chrome on windows (cca3790294ec705e0e7836aeb4c158bc)] -> name: name]
2023-12-28 11:12:898 INFO  RegisterPage :83 - Enter email[[ChromeDriver: chrome on windows (cca3790294ec705e0e7836aeb4c158bc)] -> xpath: //input[@data-qa='signup-email']]
2023-12-28 11:12:868 INFO  RegisterPage :78 - Enter Name [[ChromeDriver: chrome on windows (f9f1cedbfcb8e4794495ad3378b9b7ac)] -> name: name]
2023-12-28 11:12:981 INFO  RegisterPage :83 - Enter email[[ChromeDriver: chrome on windows (f9f1cedbfcb8e4794495ad3378b9b7ac)] -> xpath: //input[@data-qa='signup-email']]
2023-12-28 11:12:522 INFO  RegisterPage :96 - Click on Title Option [[ChromeDriver: chrome on windows (f9f1cedbfcb8e4794495ad3378b9b7ac)] -> xpath: //div[@id='uniform-id_gender2']]
2023-12-28 11:12:552 INFO  RegisterPage :78 - Enter Name [[ChromeDriver: chrome on windows (f9f1cedbfcb8e4794495ad3378b9b7ac)] -> name: name]
2023-12-28 11:12:210 INFO  RegisterPage :83 - Enter emailProxy element for: DefaultElementLocator 'By.xpath: //input[@data-qa='signup-email']'
2023-12-28 11:12:358 INFO  RegisterPage :78 - Enter Name [[ChromeDriver: chrome on windows (5aa8efff9d3f502b4c26cd1ad4202c9e)] -> name: name]
2023-12-28 11:12:491 INFO  RegisterPage :83 - Enter email[[ChromeDriver: chrome on windows (5aa8efff9d3f502b4c26cd1ad4202c9e)] -> xpath: //input[@data-qa='signup-email']]
2023-12-28 11:12:889 INFO  RegisterPage :96 - Click on Title Option [[ChromeDriver: chrome on windows (5aa8efff9d3f502b4c26cd1ad4202c9e)] -> xpath: //div[@id='uniform-id_gender2']]
2023-12-28 11:12:941 INFO  RegisterPage :78 - Enter Name [[ChromeDriver: chrome on windows (5aa8efff9d3f502b4c26cd1ad4202c9e)] -> name: name]
2023-12-28 11:12:265 INFO  RegisterPage :83 - Enter emailProxy element for: DefaultElementLocator 'By.xpath: //input[@data-qa='signup-email']'
2023-12-28 11:12:912 INFO  RegisterPage :78 - Enter Name [[ChromeDriver: chrome on windows (6a981d61efb3f3e0a2ddcda1e16e33b8)] -> name: name]
2023-12-28 11:12:22 INFO  RegisterPage :83 - Enter email[[ChromeDriver: chrome on windows (6a981d61efb3f3e0a2ddcda1e16e33b8)] -> xpath: //input[@data-qa='signup-email']]
2023-12-28 11:12:313 INFO  RegisterPage :96 - Click on Title Option [[ChromeDriver: chrome on windows (6a981d61efb3f3e0a2ddcda1e16e33b8)] -> xpath: //div[@id='uniform-id_gender2']]
2023-12-28 11:12:379 INFO  RegisterPage :78 - Enter Name [[ChromeDriver: chrome on windows (6a981d61efb3f3e0a2ddcda1e16e33b8)] -> name: name]
2023-12-28 11:12:386 INFO  RegisterPage :83 - Enter emailProxy element for: DefaultElementLocator 'By.xpath: //input[@data-qa='signup-email']'
2023-12-28 11:12:282 INFO  RegisterPage :78 - Enter Name [[ChromeDriver: chrome on windows (59d0d4e55fc06762a1790aa8d5f27860)] -> name: name]
2023-12-28 11:12:377 INFO  RegisterPage :83 - Enter email[[ChromeDriver: chrome on windows (59d0d4e55fc06762a1790aa8d5f27860)] -> xpath: //input[@data-qa='signup-email']]
2023-12-28 11:12:821 INFO  RegisterPage :96 - Click on Title Option [[ChromeDriver: chrome on windows (59d0d4e55fc06762a1790aa8d5f27860)] -> xpath: //div[@id='uniform-id_gender2']]
2023-12-28 11:12:876 INFO  RegisterPage :78 - Enter Name [[ChromeDriver: chrome on windows (59d0d4e55fc06762a1790aa8d5f27860)] -> name: name]
2023-12-28 11:12:153 INFO  RegisterPage :83 - Enter emailProxy element for: DefaultElementLocator 'By.xpath: //input[@data-qa='signup-email']'
2023-12-28 11:12:728 INFO  RegisterPage :78 - Enter Name [[ChromeDriver: chrome on windows (0096ea33f6d9d74a083830c623d8d7f5)] -> name: name]
2023-12-28 11:12:847 INFO  RegisterPage :83 - Enter email[[ChromeDriver: chrome on windows (0096ea33f6d9d74a083830c623d8d7f5)] -> xpath: //input[@data-qa='signup-email']]
2023-12-28 11:12:433 INFO  RegisterPage :96 - Click on Title Option [[ChromeDriver: chrome on windows (0096ea33f6d9d74a083830c623d8d7f5)] -> xpath: //div[@id='uniform-id_gender2']]
2023-12-28 11:12:524 INFO  RegisterPage :78 - Enter Name [[ChromeDriver: chrome on windows (0096ea33f6d9d74a083830c623d8d7f5)] -> name: name]
2023-12-28 11:12:864 INFO  RegisterPage :83 - Enter emailProxy element for: DefaultElementLocator 'By.xpath: //input[@data-qa='signup-email']'
